[2022-11-24 05:59:59] production.ERROR: chdir(): No such file or directory (errno 2) {"exception":"[object] (ErrorException(code: 0): chdir(): No such file or directory (errno 2) at /home/elpdev/Downloads/codecanyon-28292342-grow-project-management-crm-with-invoicing-estimates-leads-and-tasks/codecanyon-28292342-grow-project-management-crm-with-invoicing-estimates-leads-and-tasks/GROWCRM/application/vendor/laravel/framework/src/Illuminate/Foundation/Console/ServeCommand.php:43)
[stacktrace]
#0 [internal function]: Illuminate\\Foundation\\Bootstrap\\HandleExceptions->handleError()
#1 /home/elpdev/Downloads/codecanyon-28292342-grow-project-management-crm-with-invoicing-estimates-leads-and-tasks/codecanyon-28292342-grow-project-management-crm-with-invoicing-estimates-leads-and-tasks/GROWCRM/application/vendor/laravel/framework/src/Illuminate/Foundation/Console/ServeCommand.php(43): chdir()
#2 /home/elpdev/Downloads/codecanyon-28292342-grow-project-management-crm-with-invoicing-estimates-leads-and-tasks/codecanyon-28292342-grow-project-management-crm-with-invoicing-estimates-leads-and-tasks/GROWCRM/application/vendor/laravel/framework/src/Illuminate/Container/BoundMethod.php(36): Illuminate\\Foundation\\Console\\ServeCommand->handle()
#3 /home/elpdev/Downloads/codecanyon-28292342-grow-project-management-crm-with-invoicing-estimates-leads-and-tasks/codecanyon-28292342-grow-project-management-crm-with-invoicing-estimates-leads-and-tasks/GROWCRM/application/vendor/laravel/framework/src/Illuminate/Container/Util.php(40): Illuminate\\Container\\BoundMethod::Illuminate\\Container\\{closure}()
#4 /home/elpdev/Downloads/codecanyon-28292342-grow-project-management-crm-with-invoicing-estimates-leads-and-tasks/codecanyon-28292342-grow-project-management-crm-with-invoicing-estimates-leads-and-tasks/GROWCRM/application/vendor/laravel/framework/src/Illuminate/Container/BoundMethod.php(93): Illuminate\\Container\\Util::unwrapIfClosure()
#5 /home/elpdev/Downloads/codecanyon-28292342-grow-project-management-crm-with-invoicing-estimates-leads-and-tasks/codecanyon-28292342-grow-project-management-crm-with-invoicing-estimates-leads-and-tasks/GROWCRM/application/vendor/laravel/framework/src/Illuminate/Container/BoundMethod.php(37): Illuminate\\Container\\BoundMethod::callBoundMethod()
#6 /home/elpdev/Downloads/codecanyon-28292342-grow-project-management-crm-with-invoicing-estimates-leads-and-tasks/codecanyon-28292342-grow-project-management-crm-with-invoicing-estimates-leads-and-tasks/GROWCRM/application/vendor/laravel/framework/src/Illuminate/Container/Container.php(653): Illuminate\\Container\\BoundMethod::call()
#7 /home/elpdev/Downloads/codecanyon-28292342-grow-project-management-crm-with-invoicing-estimates-leads-and-tasks/codecanyon-28292342-grow-project-management-crm-with-invoicing-estimates-leads-and-tasks/GROWCRM/application/vendor/laravel/framework/src/Illuminate/Console/Command.php(136): Illuminate\\Container\\Container->call()
#8 /home/elpdev/Downloads/codecanyon-28292342-grow-project-management-crm-with-invoicing-estimates-leads-and-tasks/codecanyon-28292342-grow-project-management-crm-with-invoicing-estimates-leads-and-tasks/GROWCRM/application/vendor/symfony/console/Command/Command.php(298): Illuminate\\Console\\Command->execute()
#9 /home/elpdev/Downloads/codecanyon-28292342-grow-project-management-crm-with-invoicing-estimates-leads-and-tasks/codecanyon-28292342-grow-project-management-crm-with-invoicing-estimates-leads-and-tasks/GROWCRM/application/vendor/laravel/framework/src/Illuminate/Console/Command.php(121): Symfony\\Component\\Console\\Command\\Command->run()
#10 /home/elpdev/Downloads/codecanyon-28292342-grow-project-management-crm-with-invoicing-estimates-leads-and-tasks/codecanyon-28292342-grow-project-management-crm-with-invoicing-estimates-leads-and-tasks/GROWCRM/application/vendor/symfony/console/Application.php(1015): Illuminate\\Console\\Command->run()
#11 /home/elpdev/Downloads/codecanyon-28292342-grow-project-management-crm-with-invoicing-estimates-leads-and-tasks/codecanyon-28292342-grow-project-management-crm-with-invoicing-estimates-leads-and-tasks/GROWCRM/application/vendor/symfony/console/Application.php(299): Symfony\\Component\\Console\\Application->doRunCommand()
#12 /home/elpdev/Downloads/codecanyon-28292342-grow-project-management-crm-with-invoicing-estimates-leads-and-tasks/codecanyon-28292342-grow-project-management-crm-with-invoicing-estimates-leads-and-tasks/GROWCRM/application/vendor/symfony/console/Application.php(171): Symfony\\Component\\Console\\Application->doRun()
#13 /home/elpdev/Downloads/codecanyon-28292342-grow-project-management-crm-with-invoicing-estimates-leads-and-tasks/codecanyon-28292342-grow-project-management-crm-with-invoicing-estimates-leads-and-tasks/GROWCRM/application/vendor/laravel/framework/src/Illuminate/Console/Application.php(94): Symfony\\Component\\Console\\Application->run()
#14 /home/elpdev/Downloads/codecanyon-28292342-grow-project-management-crm-with-invoicing-estimates-leads-and-tasks/codecanyon-28292342-grow-project-management-crm-with-invoicing-estimates-leads-and-tasks/GROWCRM/application/vendor/laravel/framework/src/Illuminate/Foundation/Console/Kernel.php(129): Illuminate\\Console\\Application->run()
#15 /home/elpdev/Downloads/codecanyon-28292342-grow-project-management-crm-with-invoicing-estimates-leads-and-tasks/codecanyon-28292342-grow-project-management-crm-with-invoicing-estimates-leads-and-tasks/GROWCRM/application/artisan(37): Illuminate\\Foundation\\Console\\Kernel->handle()
#16 {main}
"} 
[2022-11-24 06:09:31] production.ERROR: chdir(): No such file or directory (errno 2) {"exception":"[object] (ErrorException(code: 0): chdir(): No such file or directory (errno 2) at /home/elpdev/Workdrive/localserver/growcrm/application/vendor/laravel/framework/src/Illuminate/Foundation/Console/ServeCommand.php:43)
[stacktrace]
#0 [internal function]: Illuminate\\Foundation\\Bootstrap\\HandleExceptions->handleError()
#1 /home/elpdev/Workdrive/localserver/growcrm/application/vendor/laravel/framework/src/Illuminate/Foundation/Console/ServeCommand.php(43): chdir()
#2 /home/elpdev/Workdrive/localserver/growcrm/application/vendor/laravel/framework/src/Illuminate/Container/BoundMethod.php(36): Illuminate\\Foundation\\Console\\ServeCommand->handle()
#3 /home/elpdev/Workdrive/localserver/growcrm/application/vendor/laravel/framework/src/Illuminate/Container/Util.php(40): Illuminate\\Container\\BoundMethod::Illuminate\\Container\\{closure}()
#4 /home/elpdev/Workdrive/localserver/growcrm/application/vendor/laravel/framework/src/Illuminate/Container/BoundMethod.php(93): Illuminate\\Container\\Util::unwrapIfClosure()
#5 /home/elpdev/Workdrive/localserver/growcrm/application/vendor/laravel/framework/src/Illuminate/Container/BoundMethod.php(37): Illuminate\\Container\\BoundMethod::callBoundMethod()
#6 /home/elpdev/Workdrive/localserver/growcrm/application/vendor/laravel/framework/src/Illuminate/Container/Container.php(653): Illuminate\\Container\\BoundMethod::call()
#7 /home/elpdev/Workdrive/localserver/growcrm/application/vendor/laravel/framework/src/Illuminate/Console/Command.php(136): Illuminate\\Container\\Container->call()
#8 /home/elpdev/Workdrive/localserver/growcrm/application/vendor/symfony/console/Command/Command.php(298): Illuminate\\Console\\Command->execute()
#9 /home/elpdev/Workdrive/localserver/growcrm/application/vendor/laravel/framework/src/Illuminate/Console/Command.php(121): Symfony\\Component\\Console\\Command\\Command->run()
#10 /home/elpdev/Workdrive/localserver/growcrm/application/vendor/symfony/console/Application.php(1015): Illuminate\\Console\\Command->run()
#11 /home/elpdev/Workdrive/localserver/growcrm/application/vendor/symfony/console/Application.php(299): Symfony\\Component\\Console\\Application->doRunCommand()
#12 /home/elpdev/Workdrive/localserver/growcrm/application/vendor/symfony/console/Application.php(171): Symfony\\Component\\Console\\Application->doRun()
#13 /home/elpdev/Workdrive/localserver/growcrm/application/vendor/laravel/framework/src/Illuminate/Console/Application.php(94): Symfony\\Component\\Console\\Application->run()
#14 /home/elpdev/Workdrive/localserver/growcrm/application/vendor/laravel/framework/src/Illuminate/Foundation/Console/Kernel.php(129): Illuminate\\Console\\Application->run()
#15 /home/elpdev/Workdrive/localserver/growcrm/application/artisan(37): Illuminate\\Foundation\\Console\\Kernel->handle()
#16 {main}
"} 
